2021-11-15 00:46:58.752  INFO 3736 --- [main] tn.esprit.spring.EntrepriseTest          : Starting EntrepriseTest on DESKTOP-B13IGLL with PID 3736 (started by bureau in C:\Users\bureau\Documents\workspace-sts-3.8.4.RELEASE\TimesheetProject)
2021-11-15 00:46:58.793  INFO 3736 --- [main] tn.esprit.spring.EntrepriseTest          : No active profile set, falling back to default profiles: default
2021-11-15 00:47:07.957  INFO 3736 --- [main] .s.d.r.c.RepositoryConfigurationDelegate : Bootstrapping Spring Data repositories in DEFAULT mode.
2021-11-15 00:47:08.313  INFO 3736 --- [main] .s.d.r.c.RepositoryConfigurationDelegate : Finished Spring Data repository scanning in 311ms. Found 6 repository interfaces.
2021-11-15 00:47:09.596  INFO 3736 --- [main] trationDelegate$BeanPostProcessorChecker : Bean 'org.springframework.transaction.annotation.ProxyTransactionManagementConfiguration' of type [org.springframework.transaction.annotation.ProxyTransactionManagementConfiguration$$EnhancerBySpringCGLIB$$d8679427] is not eligible for getting processed by all BeanPostProcessors (for example: not eligible for auto-proxying)
2021-11-15 00:47:13.887  INFO 3736 --- [main] com.zaxxer.hikari.HikariDataSource       : HikariPool-1 - Starting...
2021-11-15 00:47:15.540  INFO 3736 --- [main] com.zaxxer.hikari.HikariDataSource       : HikariPool-1 - Start completed.
2021-11-15 00:47:16.788  INFO 3736 --- [main] o.hibernate.jpa.internal.util.LogHelper  : HHH000204: Processing PersistenceUnitInfo [
	name: default
	...]
2021-11-15 00:47:18.098  INFO 3736 --- [main] org.hibernate.Version                    : HHH000412: Hibernate Core {5.3.9.Final}
2021-11-15 00:47:18.118  INFO 3736 --- [main] org.hibernate.cfg.Environment            : HHH000206: hibernate.properties not found
2021-11-15 00:47:19.847  INFO 3736 --- [main] o.hibernate.annotations.common.Version   : HCANN000001: Hibernate Commons Annotations {5.0.4.Final}
2021-11-15 00:47:23.669  INFO 3736 --- [main] org.hibernate.dialect.Dialect            : HHH000400: Using dialect: org.hibernate.dialect.MySQL5Dialect
2021-11-15 00:47:32.136  INFO 3736 --- [main] j.LocalContainerEntityManagerFactoryBean : Initialized JPA EntityManagerFactory for persistence unit 'default'
2021-11-15 00:47:33.982  INFO 3736 --- [main] o.h.h.i.QueryTranslatorFactoryInitiator  : HHH000397: Using ASTQueryTranslatorFactory
2021-11-15 00:47:36.900  INFO 3736 --- [main] o.s.s.concurrent.ThreadPoolTaskExecutor  : Initializing ExecutorService 'applicationTaskExecutor'
2021-11-15 00:47:37.352  WARN 3736 --- [main] aWebConfiguration$JpaWebMvcConfiguration : spring.jpa.open-in-view is enabled by default. Therefore, database queries may be performed during view rendering. Explicitly configure spring.jpa.open-in-view to disable this warning
2021-11-15 00:47:38.069  INFO 3736 --- [main] tn.esprit.spring.EntrepriseTest          : Started EntrepriseTest in 41.18 seconds (JVM running for 47.028)
2021-11-15 00:47:39.556  INFO 3736 --- [Thread-2] o.s.s.concurrent.ThreadPoolTaskExecutor  : Shutting down ExecutorService 'applicationTaskExecutor'
2021-11-15 00:47:39.561  INFO 3736 --- [Thread-2] j.LocalContainerEntityManagerFactoryBean : Closing JPA EntityManagerFactory for persistence unit 'default'
2021-11-15 00:47:39.565  INFO 3736 --- [Thread-2] com.zaxxer.hikari.HikariDataSource       : HikariPool-1 - Shutdown initiated...
2021-11-15 00:47:39.707  INFO 3736 --- [Thread-2] com.zaxxer.hikari.HikariDataSource       : HikariPool-1 - Shutdown completed.
2021-11-15 00:54:11.995  INFO 34600 --- [main] tn.esprit.spring.EntrepriseTest          : Starting EntrepriseTest on DESKTOP-B13IGLL with PID 34600 (started by bureau in C:\Users\bureau\Documents\workspace-sts-3.8.4.RELEASE\TimesheetProject)
2021-11-15 00:54:12.120  INFO 34600 --- [main] tn.esprit.spring.EntrepriseTest          : No active profile set, falling back to default profiles: default
2021-11-15 00:54:17.817  INFO 34600 --- [main] .s.d.r.c.RepositoryConfigurationDelegate : Bootstrapping Spring Data repositories in DEFAULT mode.
2021-11-15 00:54:19.635  INFO 34600 --- [main] .s.d.r.c.RepositoryConfigurationDelegate : Finished Spring Data repository scanning in 1434ms. Found 6 repository interfaces.
2021-11-15 00:54:26.652  INFO 34600 --- [main] trationDelegate$BeanPostProcessorChecker : Bean 'org.springframework.transaction.annotation.ProxyTransactionManagementConfiguration' of type [org.springframework.transaction.annotation.ProxyTransactionManagementConfiguration$$EnhancerBySpringCGLIB$$4491119] is not eligible for getting processed by all BeanPostProcessors (for example: not eligible for auto-proxying)
2021-11-15 00:54:32.588  INFO 34600 --- [main] com.zaxxer.hikari.HikariDataSource       : HikariPool-1 - Starting...
2021-11-15 00:54:38.790  INFO 34600 --- [main] com.zaxxer.hikari.HikariDataSource       : HikariPool-1 - Start completed.
2021-11-15 00:54:41.774  INFO 34600 --- [main] o.hibernate.jpa.internal.util.LogHelper  : HHH000204: Processing PersistenceUnitInfo [
	name: default
	...]
2021-11-15 00:54:44.954  INFO 34600 --- [main] org.hibernate.Version                    : HHH000412: Hibernate Core {5.3.9.Final}
2021-11-15 00:54:44.957  INFO 34600 --- [main] org.hibernate.cfg.Environment            : HHH000206: hibernate.properties not found
2021-11-15 00:55:12.029  INFO 34600 --- [main] o.hibernate.annotations.common.Version   : HCANN000001: Hibernate Commons Annotations {5.0.4.Final}
2021-11-15 00:55:18.390  INFO 34600 --- [main] org.hibernate.dialect.Dialect            : HHH000400: Using dialect: org.hibernate.dialect.MySQL5Dialect
2021-11-15 00:56:08.588  INFO 34600 --- [main] j.LocalContainerEntityManagerFactoryBean : Initialized JPA EntityManagerFactory for persistence unit 'default'
2021-11-15 00:56:19.214  INFO 34600 --- [main] o.h.h.i.QueryTranslatorFactoryInitiator  : HHH000397: Using ASTQueryTranslatorFactory
2021-11-15 00:56:32.341  INFO 34600 --- [main] o.s.s.concurrent.ThreadPoolTaskExecutor  : Initializing ExecutorService 'applicationTaskExecutor'
2021-11-15 00:56:32.739  WARN 34600 --- [main] aWebConfiguration$JpaWebMvcConfiguration : spring.jpa.open-in-view is enabled by default. Therefore, database queries may be performed during view rendering. Explicitly configure spring.jpa.open-in-view to disable this warning
2021-11-15 00:56:33.613  INFO 34600 --- [main] tn.esprit.spring.EntrepriseTest          : Started EntrepriseTest in 142.281 seconds (JVM running for 143.637)
2021-11-15 00:56:34.153  INFO 34600 --- [Thread-2] o.s.s.concurrent.ThreadPoolTaskExecutor  : Shutting down ExecutorService 'applicationTaskExecutor'
2021-11-15 00:56:34.153  INFO 34600 --- [Thread-2] j.LocalContainerEntityManagerFactoryBean : Closing JPA EntityManagerFactory for persistence unit 'default'
2021-11-15 00:56:34.153  INFO 34600 --- [Thread-2] com.zaxxer.hikari.HikariDataSource       : HikariPool-1 - Shutdown initiated...
2021-11-15 00:56:34.215  INFO 34600 --- [Thread-2] com.zaxxer.hikari.HikariDataSource       : HikariPool-1 - Shutdown completed.
2021-11-15 01:03:17.129  INFO 2920 --- [main] tn.esprit.spring.EntrepriseTest          : Starting EntrepriseTest on DESKTOP-B13IGLL with PID 2920 (started by bureau in C:\Users\bureau\Documents\workspace-sts-3.8.4.RELEASE\TimesheetProject)
2021-11-15 01:03:17.136  INFO 2920 --- [main] tn.esprit.spring.EntrepriseTest          : No active profile set, falling back to default profiles: default
2021-11-15 01:03:18.857  INFO 2920 --- [main] .s.d.r.c.RepositoryConfigurationDelegate : Bootstrapping Spring Data repositories in DEFAULT mode.
2021-11-15 01:03:18.987  INFO 2920 --- [main] .s.d.r.c.RepositoryConfigurationDelegate : Finished Spring Data repository scanning in 115ms. Found 6 repository interfaces.
2021-11-15 01:03:19.968  INFO 2920 --- [main] trationDelegate$BeanPostProcessorChecker : Bean 'org.springframework.transaction.annotation.ProxyTransactionManagementConfiguration' of type [org.springframework.transaction.annotation.ProxyTransactionManagementConfiguration$$EnhancerBySpringCGLIB$$f85ea3f3] is not eligible for getting processed by all BeanPostProcessors (for example: not eligible for auto-proxying)
2021-11-15 01:03:20.862  INFO 2920 --- [main] com.zaxxer.hikari.HikariDataSource       : HikariPool-1 - Starting...
2021-11-15 01:03:21.404  INFO 2920 --- [main] com.zaxxer.hikari.HikariDataSource       : HikariPool-1 - Start completed.
2021-11-15 01:03:21.883  INFO 2920 --- [main] o.hibernate.jpa.internal.util.LogHelper  : HHH000204: Processing PersistenceUnitInfo [
	name: default
	...]
2021-11-15 01:03:22.114  INFO 2920 --- [main] org.hibernate.Version                    : HHH000412: Hibernate Core {5.3.9.Final}
2021-11-15 01:03:22.119  INFO 2920 --- [main] org.hibernate.cfg.Environment            : HHH000206: hibernate.properties not found
2021-11-15 01:03:22.446  INFO 2920 --- [main] o.hibernate.annotations.common.Version   : HCANN000001: Hibernate Commons Annotations {5.0.4.Final}
2021-11-15 01:03:22.993  INFO 2920 --- [main] org.hibernate.dialect.Dialect            : HHH000400: Using dialect: org.hibernate.dialect.MySQL5Dialect
2021-11-15 01:03:26.165  INFO 2920 --- [main] j.LocalContainerEntityManagerFactoryBean : Initialized JPA EntityManagerFactory for persistence unit 'default'
2021-11-15 01:03:26.817  INFO 2920 --- [main] o.h.h.i.QueryTranslatorFactoryInitiator  : HHH000397: Using ASTQueryTranslatorFactory
2021-11-15 01:03:28.224  INFO 2920 --- [main] o.s.s.concurrent.ThreadPoolTaskExecutor  : Initializing ExecutorService 'applicationTaskExecutor'
2021-11-15 01:03:28.617  WARN 2920 --- [main] aWebConfiguration$JpaWebMvcConfiguration : spring.jpa.open-in-view is enabled by default. Therefore, database queries may be performed during view rendering. Explicitly configure spring.jpa.open-in-view to disable this warning
2021-11-15 01:03:29.258  INFO 2920 --- [main] tn.esprit.spring.EntrepriseTest          : Started EntrepriseTest in 12.634 seconds (JVM running for 14.25)
2021-11-15 01:03:29.468  INFO 2920 --- [Thread-2] o.s.s.concurrent.ThreadPoolTaskExecutor  : Shutting down ExecutorService 'applicationTaskExecutor'
2021-11-15 01:03:29.472  INFO 2920 --- [Thread-2] j.LocalContainerEntityManagerFactoryBean : Closing JPA EntityManagerFactory for persistence unit 'default'
2021-11-15 01:03:29.476  INFO 2920 --- [Thread-2] com.zaxxer.hikari.HikariDataSource       : HikariPool-1 - Shutdown initiated...
2021-11-15 01:03:29.489  INFO 2920 --- [Thread-2] com.zaxxer.hikari.HikariDataSource       : HikariPool-1 - Shutdown completed.
2021-11-15 01:06:47.304  INFO 31588 --- [main] tn.esprit.spring.EntrepriseTest          : Starting EntrepriseTest on DESKTOP-B13IGLL with PID 31588 (started by bureau in C:\Users\bureau\Documents\workspace-sts-3.8.4.RELEASE\TimesheetProject)
2021-11-15 01:06:47.306  INFO 31588 --- [main] tn.esprit.spring.EntrepriseTest          : No active profile set, falling back to default profiles: default
2021-11-15 01:06:48.693  INFO 31588 --- [main] .s.d.r.c.RepositoryConfigurationDelegate : Bootstrapping Spring Data repositories in DEFAULT mode.
2021-11-15 01:06:48.891  INFO 31588 --- [main] .s.d.r.c.RepositoryConfigurationDelegate : Finished Spring Data repository scanning in 160ms. Found 6 repository interfaces.
2021-11-15 01:06:49.619  INFO 31588 --- [main] trationDelegate$BeanPostProcessorChecker : Bean 'org.springframework.transaction.annotation.ProxyTransactionManagementConfiguration' of type [org.springframework.transaction.annotation.ProxyTransactionManagementConfiguration$$EnhancerBySpringCGLIB$$697ab093] is not eligible for getting processed by all BeanPostProcessors (for example: not eligible for auto-proxying)
2021-11-15 01:06:49.996  INFO 31588 --- [main] com.zaxxer.hikari.HikariDataSource       : HikariPool-1 - Starting...
2021-11-15 01:06:50.355  INFO 31588 --- [main] com.zaxxer.hikari.HikariDataSource       : HikariPool-1 - Start completed.
2021-11-15 01:06:50.447  INFO 31588 --- [main] o.hibernate.jpa.internal.util.LogHelper  : HHH000204: Processing PersistenceUnitInfo [
	name: default
	...]
2021-11-15 01:06:50.566  INFO 31588 --- [main] org.hibernate.Version                    : HHH000412: Hibernate Core {5.3.9.Final}
2021-11-15 01:06:50.576  INFO 31588 --- [main] org.hibernate.cfg.Environment            : HHH000206: hibernate.properties not found
2021-11-15 01:06:50.831  INFO 31588 --- [main] o.hibernate.annotations.common.Version   : HCANN000001: Hibernate Commons Annotations {5.0.4.Final}
2021-11-15 01:06:52.754  INFO 31588 --- [main] org.hibernate.dialect.Dialect            : HHH000400: Using dialect: org.hibernate.dialect.MySQL5Dialect
2021-11-15 01:06:59.722  INFO 31588 --- [main] j.LocalContainerEntityManagerFactoryBean : Initialized JPA EntityManagerFactory for persistence unit 'default'
2021-11-15 01:07:00.322  INFO 31588 --- [main] o.h.h.i.QueryTranslatorFactoryInitiator  : HHH000397: Using ASTQueryTranslatorFactory
2021-11-15 01:07:02.082  INFO 31588 --- [main] o.s.s.concurrent.ThreadPoolTaskExecutor  : Initializing ExecutorService 'applicationTaskExecutor'
2021-11-15 01:07:02.433  WARN 31588 --- [main] aWebConfiguration$JpaWebMvcConfiguration : spring.jpa.open-in-view is enabled by default. Therefore, database queries may be performed during view rendering. Explicitly configure spring.jpa.open-in-view to disable this warning
2021-11-15 01:07:03.290  INFO 31588 --- [main] tn.esprit.spring.EntrepriseTest          : Started EntrepriseTest in 16.538 seconds (JVM running for 18.311)
2021-11-15 01:07:03.553  INFO 31588 --- [Thread-2] o.s.s.concurrent.ThreadPoolTaskExecutor  : Shutting down ExecutorService 'applicationTaskExecutor'
2021-11-15 01:07:03.557  INFO 31588 --- [Thread-2] j.LocalContainerEntityManagerFactoryBean : Closing JPA EntityManagerFactory for persistence unit 'default'
2021-11-15 01:07:03.557  INFO 31588 --- [Thread-2] com.zaxxer.hikari.HikariDataSource       : HikariPool-1 - Shutdown initiated...
2021-11-15 01:07:03.575  INFO 31588 --- [Thread-2] com.zaxxer.hikari.HikariDataSource       : HikariPool-1 - Shutdown completed.
2021-11-15 01:08:55.621  INFO 34964 --- [main] tn.esprit.spring.EntrepriseTest          : Starting EntrepriseTest on DESKTOP-B13IGLL with PID 34964 (started by bureau in C:\Users\bureau\Documents\workspace-sts-3.8.4.RELEASE\TimesheetProject)
2021-11-15 01:08:55.626  INFO 34964 --- [main] tn.esprit.spring.EntrepriseTest          : No active profile set, falling back to default profiles: default
2021-11-15 01:08:57.594  INFO 34964 --- [main] .s.d.r.c.RepositoryConfigurationDelegate : Bootstrapping Spring Data repositories in DEFAULT mode.
2021-11-15 01:08:57.771  INFO 34964 --- [main] .s.d.r.c.RepositoryConfigurationDelegate : Finished Spring Data repository scanning in 146ms. Found 6 repository interfaces.
2021-11-15 01:08:58.383  INFO 34964 --- [main] trationDelegate$BeanPostProcessorChecker : Bean 'org.springframework.transaction.annotation.ProxyTransactionManagementConfiguration' of type [org.springframework.transaction.annotation.ProxyTransactionManagementConfiguration$$EnhancerBySpringCGLIB$$4491119] is not eligible for getting processed by all BeanPostProcessors (for example: not eligible for auto-proxying)
2021-11-15 01:08:59.586  INFO 34964 --- [main] com.zaxxer.hikari.HikariDataSource       : HikariPool-1 - Starting...
2021-11-15 01:09:00.055  INFO 34964 --- [main] com.zaxxer.hikari.HikariDataSource       : HikariPool-1 - Start completed.
2021-11-15 01:09:00.185  INFO 34964 --- [main] o.hibernate.jpa.internal.util.LogHelper  : HHH000204: Processing PersistenceUnitInfo [
	name: default
	...]
2021-11-15 01:09:00.304  INFO 34964 --- [main] org.hibernate.Version                    : HHH000412: Hibernate Core {5.3.9.Final}
2021-11-15 01:09:00.313  INFO 34964 --- [main] org.hibernate.cfg.Environment            : HHH000206: hibernate.properties not found
2021-11-15 01:09:00.841  INFO 34964 --- [main] o.hibernate.annotations.common.Version   : HCANN000001: Hibernate Commons Annotations {5.0.4.Final}
2021-11-15 01:09:01.962  INFO 34964 --- [main] org.hibernate.dialect.Dialect            : HHH000400: Using dialect: org.hibernate.dialect.MySQL5Dialect
2021-11-15 01:09:08.570  INFO 34964 --- [main] j.LocalContainerEntityManagerFactoryBean : Initialized JPA EntityManagerFactory for persistence unit 'default'
2021-11-15 01:09:09.427  INFO 34964 --- [main] o.h.h.i.QueryTranslatorFactoryInitiator  : HHH000397: Using ASTQueryTranslatorFactory
2021-11-15 01:09:11.574  INFO 34964 --- [main] o.s.s.concurrent.ThreadPoolTaskExecutor  : Initializing ExecutorService 'applicationTaskExecutor'
2021-11-15 01:09:11.945  WARN 34964 --- [main] aWebConfiguration$JpaWebMvcConfiguration : spring.jpa.open-in-view is enabled by default. Therefore, database queries may be performed during view rendering. Explicitly configure spring.jpa.open-in-view to disable this warning
2021-11-15 01:09:12.497  INFO 34964 --- [main] tn.esprit.spring.EntrepriseTest          : Started EntrepriseTest in 17.497 seconds (JVM running for 19.372)
2021-11-15 01:09:12.718  INFO 34964 --- [Thread-2] o.s.s.concurrent.ThreadPoolTaskExecutor  : Shutting down ExecutorService 'applicationTaskExecutor'
2021-11-15 01:09:12.719  INFO 34964 --- [Thread-2] j.LocalContainerEntityManagerFactoryBean : Closing JPA EntityManagerFactory for persistence unit 'default'
2021-11-15 01:09:12.727  INFO 34964 --- [Thread-2] com.zaxxer.hikari.HikariDataSource       : HikariPool-1 - Shutdown initiated...
2021-11-15 01:09:12.747  INFO 34964 --- [Thread-2] com.zaxxer.hikari.HikariDataSource       : HikariPool-1 - Shutdown completed.
2021-11-15 01:21:41.217  INFO 14416 --- [main] tn.esprit.spring.EntrepriseTest          : Starting EntrepriseTest on DESKTOP-B13IGLL with PID 14416 (started by bureau in C:\Users\bureau\Documents\workspace-sts-3.8.4.RELEASE\TimesheetProject)
2021-11-15 01:21:41.220  INFO 14416 --- [main] tn.esprit.spring.EntrepriseTest          : No active profile set, falling back to default profiles: default
2021-11-15 01:21:45.108  INFO 14416 --- [main] .s.d.r.c.RepositoryConfigurationDelegate : Bootstrapping Spring Data repositories in DEFAULT mode.
2021-11-15 01:21:45.606  INFO 14416 --- [main] .s.d.r.c.RepositoryConfigurationDelegate : Finished Spring Data repository scanning in 482ms. Found 6 repository interfaces.
2021-11-15 01:21:46.835  INFO 14416 --- [main] trationDelegate$BeanPostProcessorChecker : Bean 'org.springframework.transaction.annotation.ProxyTransactionManagementConfiguration' of type [org.springframework.transaction.annotation.ProxyTransactionManagementConfiguration$$EnhancerBySpringCGLIB$$bd76c88d] is not eligible for getting processed by all BeanPostProcessors (for example: not eligible for auto-proxying)
2021-11-15 01:21:49.141  INFO 14416 --- [main] com.zaxxer.hikari.HikariDataSource       : HikariPool-1 - Starting...
2021-11-15 01:21:52.974  INFO 14416 --- [main] com.zaxxer.hikari.HikariDataSource       : HikariPool-1 - Start completed.
2021-11-15 01:22:01.228  INFO 14416 --- [main] o.hibernate.jpa.internal.util.LogHelper  : HHH000204: Processing PersistenceUnitInfo [
	name: default
	...]
2021-11-15 01:22:11.704  INFO 14416 --- [main] org.hibernate.Version                    : HHH000412: Hibernate Core {5.3.9.Final}
2021-11-15 01:22:11.717  INFO 14416 --- [main] org.hibernate.cfg.Environment            : HHH000206: hibernate.properties not found
2021-11-15 01:22:47.117  INFO 14416 --- [main] o.hibernate.annotations.common.Version   : HCANN000001: Hibernate Commons Annotations {5.0.4.Final}
2021-11-15 01:22:54.126  INFO 14416 --- [main] org.hibernate.dialect.Dialect            : HHH000400: Using dialect: org.hibernate.dialect.MySQL5Dialect
2021-11-15 01:23:41.900  INFO 14416 --- [main] j.LocalContainerEntityManagerFactoryBean : Initialized JPA EntityManagerFactory for persistence unit 'default'
2021-11-15 01:23:48.147  INFO 14416 --- [main] o.h.h.i.QueryTranslatorFactoryInitiator  : HHH000397: Using ASTQueryTranslatorFactory
2021-11-15 01:23:52.392  INFO 14416 --- [main] o.s.s.concurrent.ThreadPoolTaskExecutor  : Initializing ExecutorService 'applicationTaskExecutor'
2021-11-15 01:23:52.930  WARN 14416 --- [main] aWebConfiguration$JpaWebMvcConfiguration : spring.jpa.open-in-view is enabled by default. Therefore, database queries may be performed during view rendering. Explicitly configure spring.jpa.open-in-view to disable this warning
2021-11-15 01:23:53.661  INFO 14416 --- [main] tn.esprit.spring.EntrepriseTest          : Started EntrepriseTest in 133.264 seconds (JVM running for 134.962)
2021-11-15 01:23:54.603  INFO 14416 --- [Thread-2] o.s.s.concurrent.ThreadPoolTaskExecutor  : Shutting down ExecutorService 'applicationTaskExecutor'
2021-11-15 01:23:54.635  INFO 14416 --- [Thread-2] j.LocalContainerEntityManagerFactoryBean : Closing JPA EntityManagerFactory for persistence unit 'default'
2021-11-15 01:23:54.645  INFO 14416 --- [Thread-2] com.zaxxer.hikari.HikariDataSource       : HikariPool-1 - Shutdown initiated...
2021-11-15 01:23:54.967  INFO 14416 --- [Thread-2] com.zaxxer.hikari.HikariDataSource       : HikariPool-1 - Shutdown completed.
2021-11-15 01:26:53.534  INFO 16072 --- [main] tn.esprit.spring.EntrepriseTest          : Starting EntrepriseTest on DESKTOP-B13IGLL with PID 16072 (started by bureau in C:\Users\bureau\Documents\workspace-sts-3.8.4.RELEASE\TimesheetProject)
2021-11-15 01:26:53.537  INFO 16072 --- [main] tn.esprit.spring.EntrepriseTest          : No active profile set, falling back to default profiles: default
2021-11-15 01:26:55.953  INFO 16072 --- [main] .s.d.r.c.RepositoryConfigurationDelegate : Bootstrapping Spring Data repositories in DEFAULT mode.
2021-11-15 01:26:56.103  INFO 16072 --- [main] .s.d.r.c.RepositoryConfigurationDelegate : Finished Spring Data repository scanning in 118ms. Found 6 repository interfaces.
2021-11-15 01:26:57.205  INFO 16072 --- [main] trationDelegate$BeanPostProcessorChecker : Bean 'org.springframework.transaction.annotation.ProxyTransactionManagementConfiguration' of type [org.springframework.transaction.annotation.ProxyTransactionManagementConfiguration$$EnhancerBySpringCGLIB$$f9dc2215] is not eligible for getting processed by all BeanPostProcessors (for example: not eligible for auto-proxying)
2021-11-15 01:26:58.509  INFO 16072 --- [main] com.zaxxer.hikari.HikariDataSource       : HikariPool-1 - Starting...
2021-11-15 01:27:02.303  INFO 16072 --- [main] com.zaxxer.hikari.HikariDataSource       : HikariPool-1 - Start completed.
2021-11-15 01:27:02.982  INFO 16072 --- [main] o.hibernate.jpa.internal.util.LogHelper  : HHH000204: Processing PersistenceUnitInfo [
	name: default
	...]
2021-11-15 01:27:03.170  INFO 16072 --- [main] org.hibernate.Version                    : HHH000412: Hibernate Core {5.3.9.Final}
2021-11-15 01:27:03.188  INFO 16072 --- [main] org.hibernate.cfg.Environment            : HHH000206: hibernate.properties not found
2021-11-15 01:27:03.423  INFO 16072 --- [main] o.hibernate.annotations.common.Version   : HCANN000001: Hibernate Commons Annotations {5.0.4.Final}
2021-11-15 01:27:04.070  INFO 16072 --- [main] org.hibernate.dialect.Dialect            : HHH000400: Using dialect: org.hibernate.dialect.MySQL5Dialect
2021-11-15 01:27:09.060  INFO 16072 --- [main] j.LocalContainerEntityManagerFactoryBean : Initialized JPA EntityManagerFactory for persistence unit 'default'
2021-11-15 01:27:13.565  INFO 16072 --- [main] o.h.h.i.QueryTranslatorFactoryInitiator  : HHH000397: Using ASTQueryTranslatorFactory
2021-11-15 01:27:19.373  INFO 16072 --- [main] o.s.s.concurrent.ThreadPoolTaskExecutor  : Initializing ExecutorService 'applicationTaskExecutor'
2021-11-15 01:27:19.864  WARN 16072 --- [main] aWebConfiguration$JpaWebMvcConfiguration : spring.jpa.open-in-view is enabled by default. Therefore, database queries may be performed during view rendering. Explicitly configure spring.jpa.open-in-view to disable this warning
2021-11-15 01:27:20.508  INFO 16072 --- [main] tn.esprit.spring.EntrepriseTest          : Started EntrepriseTest in 27.898 seconds (JVM running for 30.269)
2021-11-15 15:19:24.786  INFO 26416 --- [main] tn.esprit.spring.EntrepriseTest          : Starting EntrepriseTest on DESKTOP-B13IGLL with PID 26416 (started by bureau in C:\Users\bureau\Documents\workspace-sts-3.8.4.RELEASE\TimesheetProject)
2021-11-15 15:19:24.786  INFO 26416 --- [main] tn.esprit.spring.EntrepriseTest          : No active profile set, falling back to default profiles: default
2021-11-15 15:19:26.866  INFO 26416 --- [main] .s.d.r.c.RepositoryConfigurationDelegate : Bootstrapping Spring Data repositories in DEFAULT mode.
2021-11-15 15:19:27.802  INFO 26416 --- [main] .s.d.r.c.RepositoryConfigurationDelegate : Finished Spring Data repository scanning in 778ms. Found 6 repository interfaces.
2021-11-15 15:19:29.939  INFO 26416 --- [main] trationDelegate$BeanPostProcessorChecker : Bean 'org.springframework.transaction.annotation.ProxyTransactionManagementConfiguration' of type [org.springframework.transaction.annotation.ProxyTransactionManagementConfiguration$$EnhancerBySpringCGLIB$$f9dc2215] is not eligible for getting processed by all BeanPostProcessors (for example: not eligible for auto-proxying)
2021-11-15 15:19:32.529  INFO 26416 --- [main] com.zaxxer.hikari.HikariDataSource       : HikariPool-1 - Starting...
2021-11-15 15:19:34.664  INFO 26416 --- [main] com.zaxxer.hikari.HikariDataSource       : HikariPool-1 - Start completed.
2021-11-15 15:19:35.324  INFO 26416 --- [main] o.hibernate.jpa.internal.util.LogHelper  : HHH000204: Processing PersistenceUnitInfo [
	name: default
	...]
2021-11-15 15:19:36.258  INFO 26416 --- [main] org.hibernate.Version                    : HHH000412: Hibernate Core {5.3.9.Final}
2021-11-15 15:19:36.264  INFO 26416 --- [main] org.hibernate.cfg.Environment            : HHH000206: hibernate.properties not found
2021-11-15 15:19:41.049  INFO 26416 --- [main] o.hibernate.annotations.common.Version   : HCANN000001: Hibernate Commons Annotations {5.0.4.Final}
2021-11-15 15:19:42.750  INFO 26416 --- [main] org.hibernate.dialect.Dialect            : HHH000400: Using dialect: org.hibernate.dialect.MySQL5Dialect
2021-11-15 15:19:53.116  INFO 26416 --- [main] j.LocalContainerEntityManagerFactoryBean : Initialized JPA EntityManagerFactory for persistence unit 'default'
2021-11-15 15:19:57.432  INFO 26416 --- [main] o.h.h.i.QueryTranslatorFactoryInitiator  : HHH000397: Using ASTQueryTranslatorFactory
2021-11-15 15:20:03.610  INFO 26416 --- [main] o.s.s.concurrent.ThreadPoolTaskExecutor  : Initializing ExecutorService 'applicationTaskExecutor'
2021-11-15 15:20:04.188  WARN 26416 --- [main] aWebConfiguration$JpaWebMvcConfiguration : spring.jpa.open-in-view is enabled by default. Therefore, database queries may be performed during view rendering. Explicitly configure spring.jpa.open-in-view to disable this warning
2021-11-15 15:20:05.343  INFO 26416 --- [main] tn.esprit.spring.EntrepriseTest          : Started EntrepriseTest in 41.073 seconds (JVM running for 42.806)
2021-11-15 15:20:07.149  INFO 26416 --- [Thread-2] o.s.s.concurrent.ThreadPoolTaskExecutor  : Shutting down ExecutorService 'applicationTaskExecutor'
2021-11-15 15:20:07.156  INFO 26416 --- [Thread-2] j.LocalContainerEntityManagerFactoryBean : Closing JPA EntityManagerFactory for persistence unit 'default'
2021-11-15 15:20:07.167  INFO 26416 --- [Thread-2] com.zaxxer.hikari.HikariDataSource       : HikariPool-1 - Shutdown initiated...
2021-11-15 15:20:07.204  INFO 26416 --- [Thread-2] com.zaxxer.hikari.HikariDataSource       : HikariPool-1 - Shutdown completed.
2021-11-15 15:43:01.931  INFO 23128 --- [main] tn.esprit.spring.EntrepriseTest          : Starting EntrepriseTest on DESKTOP-B13IGLL with PID 23128 (started by bureau in C:\Users\bureau\Documents\workspace-sts-3.8.4.RELEASE\TimesheetProject)
2021-11-15 15:43:01.955  INFO 23128 --- [main] tn.esprit.spring.EntrepriseTest          : No active profile set, falling back to default profiles: default
2021-11-15 15:43:03.315  INFO 23128 --- [main] .s.d.r.c.RepositoryConfigurationDelegate : Bootstrapping Spring Data repositories in DEFAULT mode.
2021-11-15 15:43:03.457  INFO 23128 --- [main] .s.d.r.c.RepositoryConfigurationDelegate : Finished Spring Data repository scanning in 118ms. Found 6 repository interfaces.
2021-11-15 15:43:04.403  INFO 23128 --- [main] trationDelegate$BeanPostProcessorChecker : Bean 'org.springframework.transaction.annotation.ProxyTransactionManagementConfiguration' of type [org.springframework.transaction.annotation.ProxyTransactionManagementConfiguration$$EnhancerBySpringCGLIB$$521e00af] is not eligible for getting processed by all BeanPostProcessors (for example: not eligible for auto-proxying)
2021-11-15 15:43:05.940  INFO 23128 --- [main] com.zaxxer.hikari.HikariDataSource       : HikariPool-1 - Starting...
2021-11-15 15:43:08.434  INFO 23128 --- [main] com.zaxxer.hikari.HikariDataSource       : HikariPool-1 - Start completed.
2021-11-15 15:43:09.968  INFO 23128 --- [main] o.hibernate.jpa.internal.util.LogHelper  : HHH000204: Processing PersistenceUnitInfo [
	name: default
	...]
2021-11-15 15:43:11.262  INFO 23128 --- [main] org.hibernate.Version                    : HHH000412: Hibernate Core {5.3.9.Final}
2021-11-15 15:43:11.273  INFO 23128 --- [main] org.hibernate.cfg.Environment            : HHH000206: hibernate.properties not found
2021-11-15 15:43:19.662  INFO 23128 --- [main] o.hibernate.annotations.common.Version   : HCANN000001: Hibernate Commons Annotations {5.0.4.Final}
2021-11-15 15:43:21.554  INFO 23128 --- [main] org.hibernate.dialect.Dialect            : HHH000400: Using dialect: org.hibernate.dialect.MySQL5Dialect
2021-11-15 15:43:31.824  INFO 23128 --- [main] j.LocalContainerEntityManagerFactoryBean : Initialized JPA EntityManagerFactory for persistence unit 'default'
2021-11-15 15:43:33.611  INFO 23128 --- [main] o.h.h.i.QueryTranslatorFactoryInitiator  : HHH000397: Using ASTQueryTranslatorFactory
2021-11-15 15:43:37.246  INFO 23128 --- [main] o.s.s.concurrent.ThreadPoolTaskExecutor  : Initializing ExecutorService 'applicationTaskExecutor'
2021-11-15 15:43:37.689  WARN 23128 --- [main] aWebConfiguration$JpaWebMvcConfiguration : spring.jpa.open-in-view is enabled by default. Therefore, database queries may be performed during view rendering. Explicitly configure spring.jpa.open-in-view to disable this warning
2021-11-15 15:43:38.407  INFO 23128 --- [main] tn.esprit.spring.EntrepriseTest          : Started EntrepriseTest in 37.289 seconds (JVM running for 38.753)
2021-11-15 15:43:39.654  INFO 23128 --- [Thread-2] o.s.s.concurrent.ThreadPoolTaskExecutor  : Shutting down ExecutorService 'applicationTaskExecutor'
2021-11-15 15:43:39.663  INFO 23128 --- [Thread-2] j.LocalContainerEntityManagerFactoryBean : Closing JPA EntityManagerFactory for persistence unit 'default'
2021-11-15 15:43:39.674  INFO 23128 --- [Thread-2] com.zaxxer.hikari.HikariDataSource       : HikariPool-1 - Shutdown initiated...
2021-11-15 15:43:39.766  INFO 23128 --- [Thread-2] com.zaxxer.hikari.HikariDataSource       : HikariPool-1 - Shutdown completed.
2021-11-15 15:46:50.307  INFO 16588 --- [main] tn.esprit.spring.EntrepriseTest          : Starting EntrepriseTest on DESKTOP-B13IGLL with PID 16588 (started by bureau in C:\Users\bureau\Documents\workspace-sts-3.8.4.RELEASE\TimesheetProject)
2021-11-15 15:46:50.307  INFO 16588 --- [main] tn.esprit.spring.EntrepriseTest          : No active profile set, falling back to default profiles: default
2021-11-15 15:46:51.618  INFO 16588 --- [main] .s.d.r.c.RepositoryConfigurationDelegate : Bootstrapping Spring Data repositories in DEFAULT mode.
2021-11-15 15:46:51.766  INFO 16588 --- [main] .s.d.r.c.RepositoryConfigurationDelegate : Finished Spring Data repository scanning in 120ms. Found 6 repository interfaces.
2021-11-15 15:46:52.452  INFO 16588 --- [main] trationDelegate$BeanPostProcessorChecker : Bean 'org.springframework.transaction.annotation.ProxyTransactionManagementConfiguration' of type [org.springframework.transaction.annotation.ProxyTransactionManagementConfiguration$$EnhancerBySpringCGLIB$$1bca7260] is not eligible for getting processed by all BeanPostProcessors (for example: not eligible for auto-proxying)
2021-11-15 15:46:52.797  INFO 16588 --- [main] com.zaxxer.hikari.HikariDataSource       : HikariPool-1 - Starting...
2021-11-15 15:46:53.097  INFO 16588 --- [main] com.zaxxer.hikari.HikariDataSource       : HikariPool-1 - Start completed.
2021-11-15 15:46:53.202  INFO 16588 --- [main] o.hibernate.jpa.internal.util.LogHelper  : HHH000204: Processing PersistenceUnitInfo [
	name: default
	...]
2021-11-15 15:46:53.330  INFO 16588 --- [main] org.hibernate.Version                    : HHH000412: Hibernate Core {5.3.9.Final}
2021-11-15 15:46:53.334  INFO 16588 --- [main] org.hibernate.cfg.Environment            : HHH000206: hibernate.properties not found
2021-11-15 15:46:53.644  INFO 16588 --- [main] o.hibernate.annotations.common.Version   : HCANN000001: Hibernate Commons Annotations {5.0.4.Final}
2021-11-15 15:46:54.194  INFO 16588 --- [main] org.hibernate.dialect.Dialect            : HHH000400: Using dialect: org.hibernate.dialect.MySQL5Dialect
2021-11-15 15:46:58.527  INFO 16588 --- [main] j.LocalContainerEntityManagerFactoryBean : Initialized JPA EntityManagerFactory for persistence unit 'default'
2021-11-15 15:46:59.163  INFO 16588 --- [main] o.h.h.i.QueryTranslatorFactoryInitiator  : HHH000397: Using ASTQueryTranslatorFactory
2021-11-15 15:47:00.730  INFO 16588 --- [main] o.s.s.concurrent.ThreadPoolTaskExecutor  : Initializing ExecutorService 'applicationTaskExecutor'
2021-11-15 15:47:01.818  WARN 16588 --- [main] aWebConfiguration$JpaWebMvcConfiguration : spring.jpa.open-in-view is enabled by default. Therefore, database queries may be performed during view rendering. Explicitly configure spring.jpa.open-in-view to disable this warning
2021-11-15 15:47:02.508  INFO 16588 --- [main] tn.esprit.spring.EntrepriseTest          : Started EntrepriseTest in 12.765 seconds (JVM running for 14.221)
2021-11-15 15:47:02.803  INFO 16588 --- [Thread-2] o.s.s.concurrent.ThreadPoolTaskExecutor  : Shutting down ExecutorService 'applicationTaskExecutor'
2021-11-15 15:47:02.807  INFO 16588 --- [Thread-2] j.LocalContainerEntityManagerFactoryBean : Closing JPA EntityManagerFactory for persistence unit 'default'
2021-11-15 15:47:02.813  INFO 16588 --- [Thread-2] com.zaxxer.hikari.HikariDataSource       : HikariPool-1 - Shutdown initiated...
2021-11-15 15:47:02.833  INFO 16588 --- [Thread-2] com.zaxxer.hikari.HikariDataSource       : HikariPool-1 - Shutdown completed.
2021-11-15 15:51:40.693  INFO 25800 --- [main] tn.esprit.spring.EntrepriseTest          : Starting EntrepriseTest on DESKTOP-B13IGLL with PID 25800 (started by bureau in C:\Users\bureau\Documents\workspace-sts-3.8.4.RELEASE\TimesheetProject)
2021-11-15 15:51:40.696  INFO 25800 --- [main] tn.esprit.spring.EntrepriseTest          : No active profile set, falling back to default profiles: default
2021-11-15 15:51:41.915  INFO 25800 --- [main] .s.d.r.c.RepositoryConfigurationDelegate : Bootstrapping Spring Data repositories in DEFAULT mode.
2021-11-15 15:51:42.138  INFO 25800 --- [main] .s.d.r.c.RepositoryConfigurationDelegate : Finished Spring Data repository scanning in 184ms. Found 6 repository interfaces.
2021-11-15 15:51:42.803  INFO 25800 --- [main] trationDelegate$BeanPostProcessorChecker : Bean 'org.springframework.transaction.annotation.ProxyTransactionManagementConfiguration' of type [org.springframework.transaction.annotation.ProxyTransactionManagementConfiguration$$EnhancerBySpringCGLIB$$7f47c74d] is not eligible for getting processed by all BeanPostProcessors (for example: not eligible for auto-proxying)
2021-11-15 15:51:43.141  INFO 25800 --- [main] com.zaxxer.hikari.HikariDataSource       : HikariPool-1 - Starting...
2021-11-15 15:51:43.427  INFO 25800 --- [main] com.zaxxer.hikari.HikariDataSource       : HikariPool-1 - Start completed.
2021-11-15 15:51:43.534  INFO 25800 --- [main] o.hibernate.jpa.internal.util.LogHelper  : HHH000204: Processing PersistenceUnitInfo [
	name: default
	...]
2021-11-15 15:51:43.696  INFO 25800 --- [main] org.hibernate.Version                    : HHH000412: Hibernate Core {5.3.9.Final}
2021-11-15 15:51:43.696  INFO 25800 --- [main] org.hibernate.cfg.Environment            : HHH000206: hibernate.properties not found
2021-11-15 15:51:43.959  INFO 25800 --- [main] o.hibernate.annotations.common.Version   : HCANN000001: Hibernate Commons Annotations {5.0.4.Final}
2021-11-15 15:51:44.489  INFO 25800 --- [main] org.hibernate.dialect.Dialect            : HHH000400: Using dialect: org.hibernate.dialect.MySQL5Dialect
2021-11-15 15:51:46.498  INFO 25800 --- [main] j.LocalContainerEntityManagerFactoryBean : Initialized JPA EntityManagerFactory for persistence unit 'default'
2021-11-15 15:51:46.978  INFO 25800 --- [main] o.h.h.i.QueryTranslatorFactoryInitiator  : HHH000397: Using ASTQueryTranslatorFactory
2021-11-15 15:51:48.579  INFO 25800 --- [main] o.s.s.concurrent.ThreadPoolTaskExecutor  : Initializing ExecutorService 'applicationTaskExecutor'
2021-11-15 15:51:48.878  WARN 25800 --- [main] aWebConfiguration$JpaWebMvcConfiguration : spring.jpa.open-in-view is enabled by default. Therefore, database queries may be performed during view rendering. Explicitly configure spring.jpa.open-in-view to disable this warning
2021-11-15 15:51:49.372  INFO 25800 --- [main] tn.esprit.spring.EntrepriseTest          : Started EntrepriseTest in 9.252 seconds (JVM running for 10.718)
2021-11-15 15:51:49.638  INFO 25800 --- [Thread-2] o.s.s.concurrent.ThreadPoolTaskExecutor  : Shutting down ExecutorService 'applicationTaskExecutor'
2021-11-15 15:51:49.642  INFO 25800 --- [Thread-2] j.LocalContainerEntityManagerFactoryBean : Closing JPA EntityManagerFactory for persistence unit 'default'
2021-11-15 15:51:49.646  INFO 25800 --- [Thread-2] com.zaxxer.hikari.HikariDataSource       : HikariPool-1 - Shutdown initiated...
2021-11-15 15:51:49.665  INFO 25800 --- [Thread-2] com.zaxxer.hikari.HikariDataSource       : HikariPool-1 - Shutdown completed.
2021-11-15 16:28:23.644  INFO 36388 --- [main] tn.esprit.spring.EntrepriseTest          : Starting EntrepriseTest on DESKTOP-B13IGLL with PID 36388 (started by bureau in C:\Users\bureau\Documents\workspace-sts-3.8.4.RELEASE\TimesheetProject)
2021-11-15 16:28:23.677  INFO 36388 --- [main] tn.esprit.spring.EntrepriseTest          : No active profile set, falling back to default profiles: default
2021-11-15 16:28:25.700  INFO 36388 --- [main] .s.d.r.c.RepositoryConfigurationDelegate : Bootstrapping Spring Data repositories in DEFAULT mode.
2021-11-15 16:28:26.060  INFO 36388 --- [main] .s.d.r.c.RepositoryConfigurationDelegate : Finished Spring Data repository scanning in 336ms. Found 6 repository interfaces.
2021-11-15 16:28:26.905  INFO 36388 --- [main] trationDelegate$BeanPostProcessorChecker : Bean 'org.springframework.transaction.annotation.ProxyTransactionManagementConfiguration' of type [org.springframework.transaction.annotation.ProxyTransactionManagementConfiguration$$EnhancerBySpringCGLIB$$4e615e1e] is not eligible for getting processed by all BeanPostProcessors (for example: not eligible for auto-proxying)
2021-11-15 16:28:32.270  INFO 36388 --- [main] com.zaxxer.hikari.HikariDataSource       : HikariPool-1 - Starting...
2021-11-15 16:28:33.565  INFO 36388 --- [main] com.zaxxer.hikari.HikariDataSource       : HikariPool-1 - Start completed.
2021-11-15 16:28:34.237  INFO 36388 --- [main] o.hibernate.jpa.internal.util.LogHelper  : HHH000204: Processing PersistenceUnitInfo [
	name: default
	...]
2021-11-15 16:28:34.735  INFO 36388 --- [main] org.hibernate.Version                    : HHH000412: Hibernate Core {5.3.9.Final}
2021-11-15 16:28:34.746  INFO 36388 --- [main] org.hibernate.cfg.Environment            : HHH000206: hibernate.properties not found
2021-11-15 16:28:36.920  INFO 36388 --- [main] o.hibernate.annotations.common.Version   : HCANN000001: Hibernate Commons Annotations {5.0.4.Final}
2021-11-15 16:28:38.371  INFO 36388 --- [main] org.hibernate.dialect.Dialect            : HHH000400: Using dialect: org.hibernate.dialect.MySQL5Dialect
2021-11-15 16:28:45.641  INFO 36388 --- [main] j.LocalContainerEntityManagerFactoryBean : Initialized JPA EntityManagerFactory for persistence unit 'default'
2021-11-15 16:28:47.779  INFO 36388 --- [main] o.h.h.i.QueryTranslatorFactoryInitiator  : HHH000397: Using ASTQueryTranslatorFactory
2021-11-15 16:28:49.747  INFO 36388 --- [main] o.s.s.concurrent.ThreadPoolTaskExecutor  : Initializing ExecutorService 'applicationTaskExecutor'
2021-11-15 16:28:50.063  WARN 36388 --- [main] aWebConfiguration$JpaWebMvcConfiguration : spring.jpa.open-in-view is enabled by default. Therefore, database queries may be performed during view rendering. Explicitly configure spring.jpa.open-in-view to disable this warning
2021-11-15 16:28:51.059  INFO 36388 --- [main] tn.esprit.spring.EntrepriseTest          : Started EntrepriseTest in 28.132 seconds (JVM running for 29.891)
2021-11-15 16:28:51.499  INFO 36388 --- [Thread-2] o.s.s.concurrent.ThreadPoolTaskExecutor  : Shutting down ExecutorService 'applicationTaskExecutor'
2021-11-15 16:28:51.502  INFO 36388 --- [Thread-2] j.LocalContainerEntityManagerFactoryBean : Closing JPA EntityManagerFactory for persistence unit 'default'
2021-11-15 16:28:51.510  INFO 36388 --- [Thread-2] com.zaxxer.hikari.HikariDataSource       : HikariPool-1 - Shutdown initiated...
2021-11-15 16:28:51.561  INFO 36388 --- [Thread-2] com.zaxxer.hikari.HikariDataSource       : HikariPool-1 - Shutdown completed.
2021-11-15 16:31:32.641  INFO 21932 --- [main] tn.esprit.spring.EntrepriseTest          : Starting EntrepriseTest on DESKTOP-B13IGLL with PID 21932 (started by bureau in C:\Users\bureau\Documents\workspace-sts-3.8.4.RELEASE\TimesheetProject)
2021-11-15 16:31:32.646  INFO 21932 --- [main] tn.esprit.spring.EntrepriseTest          : No active profile set, falling back to default profiles: default
2021-11-15 16:31:34.513  INFO 21932 --- [main] .s.d.r.c.RepositoryConfigurationDelegate : Bootstrapping Spring Data repositories in DEFAULT mode.
2021-11-15 16:31:34.648  INFO 21932 --- [main] .s.d.r.c.RepositoryConfigurationDelegate : Finished Spring Data repository scanning in 120ms. Found 6 repository interfaces.
2021-11-15 16:31:35.294  INFO 21932 --- [main] trationDelegate$BeanPostProcessorChecker : Bean 'org.springframework.transaction.annotation.ProxyTransactionManagementConfiguration' of type [org.springframework.transaction.annotation.ProxyTransactionManagementConfiguration$$EnhancerBySpringCGLIB$$557451be] is not eligible for getting processed by all BeanPostProcessors (for example: not eligible for auto-proxying)
2021-11-15 16:31:35.701  INFO 21932 --- [main] com.zaxxer.hikari.HikariDataSource       : HikariPool-1 - Starting...
2021-11-15 16:31:36.028  INFO 21932 --- [main] com.zaxxer.hikari.HikariDataSource       : HikariPool-1 - Start completed.
2021-11-15 16:31:36.130  INFO 21932 --- [main] o.hibernate.jpa.internal.util.LogHelper  : HHH000204: Processing PersistenceUnitInfo [
	name: default
	...]
2021-11-15 16:31:36.255  INFO 21932 --- [main] org.hibernate.Version                    : HHH000412: Hibernate Core {5.3.9.Final}
2021-11-15 16:31:36.267  INFO 21932 --- [main] org.hibernate.cfg.Environment            : HHH000206: hibernate.properties not found
2021-11-15 16:31:36.483  INFO 21932 --- [main] o.hibernate.annotations.common.Version   : HCANN000001: Hibernate Commons Annotations {5.0.4.Final}
2021-11-15 16:31:37.276  INFO 21932 --- [main] org.hibernate.dialect.Dialect            : HHH000400: Using dialect: org.hibernate.dialect.MySQL5Dialect
2021-11-15 16:31:41.959  INFO 21932 --- [main] j.LocalContainerEntityManagerFactoryBean : Initialized JPA EntityManagerFactory for persistence unit 'default'
2021-11-15 16:31:42.518  INFO 21932 --- [main] o.h.h.i.QueryTranslatorFactoryInitiator  : HHH000397: Using ASTQueryTranslatorFactory
2021-11-15 16:31:44.063  INFO 21932 --- [main] o.s.s.concurrent.ThreadPoolTaskExecutor  : Initializing ExecutorService 'applicationTaskExecutor'
2021-11-15 16:31:44.384  WARN 21932 --- [main] aWebConfiguration$JpaWebMvcConfiguration : spring.jpa.open-in-view is enabled by default. Therefore, database queries may be performed during view rendering. Explicitly configure spring.jpa.open-in-view to disable this warning
2021-11-15 16:31:45.140  INFO 21932 --- [main] tn.esprit.spring.EntrepriseTest          : Started EntrepriseTest in 13.22 seconds (JVM running for 14.919)
2021-11-15 16:31:45.469  INFO 21932 --- [Thread-2] o.s.s.concurrent.ThreadPoolTaskExecutor  : Shutting down ExecutorService 'applicationTaskExecutor'
2021-11-15 16:31:45.471  INFO 21932 --- [Thread-2] j.LocalContainerEntityManagerFactoryBean : Closing JPA EntityManagerFactory for persistence unit 'default'
2021-11-15 16:31:45.480  INFO 21932 --- [Thread-2] com.zaxxer.hikari.HikariDataSource       : HikariPool-1 - Shutdown initiated...
2021-11-15 16:31:45.514  INFO 21932 --- [Thread-2] com.zaxxer.hikari.HikariDataSource       : HikariPool-1 - Shutdown completed.
2021-11-15 23:32:00.261  INFO 25172 --- [main] tn.esprit.spring.EntrepriseTest          : Starting EntrepriseTest on DESKTOP-B13IGLL with PID 25172 (started by bureau in C:\Users\bureau\Documents\workspace-sts-3.8.4.RELEASE\TimesheetProject)
2021-11-15 23:32:00.263  INFO 25172 --- [main] tn.esprit.spring.EntrepriseTest          : No active profile set, falling back to default profiles: default
2021-11-15 23:32:02.147  INFO 25172 --- [main] .s.d.r.c.RepositoryConfigurationDelegate : Bootstrapping Spring Data repositories in DEFAULT mode.
2021-11-15 23:32:02.341  INFO 25172 --- [main] .s.d.r.c.RepositoryConfigurationDelegate : Finished Spring Data repository scanning in 176ms. Found 6 repository interfaces.
2021-11-15 23:32:05.100  INFO 25172 --- [main] trationDelegate$BeanPostProcessorChecker : Bean 'org.springframework.transaction.annotation.ProxyTransactionManagementConfiguration' of type [org.springframework.transaction.annotation.ProxyTransactionManagementConfiguration$$EnhancerBySpringCGLIB$$8a6a3830] is not eligible for getting processed by all BeanPostProcessors (for example: not eligible for auto-proxying)
2021-11-15 23:32:08.278  INFO 25172 --- [main] com.zaxxer.hikari.HikariDataSource       : HikariPool-1 - Starting...
2021-11-15 23:32:29.984  INFO 25172 --- [main] com.zaxxer.hikari.HikariDataSource       : HikariPool-1 - Start completed.
2021-11-15 23:32:31.687  INFO 25172 --- [main] o.hibernate.jpa.internal.util.LogHelper  : HHH000204: Processing PersistenceUnitInfo [
	name: default
	...]
2021-11-15 23:32:38.101  INFO 25172 --- [main] org.hibernate.Version                    : HHH000412: Hibernate Core {5.3.9.Final}
2021-11-15 23:32:38.104  INFO 25172 --- [main] org.hibernate.cfg.Environment            : HHH000206: hibernate.properties not found
2021-11-15 23:32:45.992  INFO 25172 --- [main] o.hibernate.annotations.common.Version   : HCANN000001: Hibernate Commons Annotations {5.0.4.Final}
2021-11-15 23:32:53.651  INFO 25172 --- [main] org.hibernate.dialect.Dialect            : HHH000400: Using dialect: org.hibernate.dialect.MySQL5Dialect
2021-11-15 23:33:08.844  INFO 25172 --- [main] j.LocalContainerEntityManagerFactoryBean : Initialized JPA EntityManagerFactory for persistence unit 'default'
2021-11-15 23:33:12.128  INFO 25172 --- [main] o.h.h.i.QueryTranslatorFactoryInitiator  : HHH000397: Using ASTQueryTranslatorFactory
2021-11-15 23:33:22.901  INFO 25172 --- [main] o.s.s.concurrent.ThreadPoolTaskExecutor  : Initializing ExecutorService 'applicationTaskExecutor'
2021-11-15 23:33:26.544  WARN 25172 --- [main] aWebConfiguration$JpaWebMvcConfiguration : spring.jpa.open-in-view is enabled by default. Therefore, database queries may be performed during view rendering. Explicitly configure spring.jpa.open-in-view to disable this warning
2021-11-15 23:33:29.268  INFO 25172 --- [main] tn.esprit.spring.EntrepriseTest          : Started EntrepriseTest in 89.695 seconds (JVM running for 91.14)
2021-11-15 23:33:31.598  INFO 25172 --- [Thread-2] o.s.s.concurrent.ThreadPoolTaskExecutor  : Shutting down ExecutorService 'applicationTaskExecutor'
2021-11-15 23:33:31.601  INFO 25172 --- [Thread-2] j.LocalContainerEntityManagerFactoryBean : Closing JPA EntityManagerFactory for persistence unit 'default'
2021-11-15 23:33:31.604  INFO 25172 --- [Thread-2] com.zaxxer.hikari.HikariDataSource       : HikariPool-1 - Shutdown initiated...
2021-11-15 23:33:31.684  INFO 25172 --- [Thread-2] com.zaxxer.hikari.HikariDataSource       : HikariPool-1 - Shutdown completed.
